<?xml version="1.0" encoding="UTF-8"?>
<testng-results ignored="0" total="2" passed="2" failed="0" skipped="0">
  <reporter-output>
  </reporter-output>
  <suite started-at="2021-11-16T16:28:28 IST" name="Default suite" finished-at="2021-11-16T16:28:28 IST" duration-ms="68">
    <groups>
    </groups>
    <test started-at="2021-11-16T16:28:28 IST" name="Default test" finished-at="2021-11-16T16:28:28 IST" duration-ms="68">
      <class name="WebDrivermanger.weddrivermanger.NewTest1">
        <test-method signature="f()[pri:0, instance:WebDrivermanger.weddrivermanger.NewTest1@693fe6c9]" started-at="2021-11-16T16:28:28 IST" name="f" finished-at="2021-11-16T16:28:28 IST" duration-ms="7" status="PASS">
          <reporter-output>
          </reporter-output>
        </test-method> <!-- f -->
        <test-method signature="f1()[pri:0, instance:WebDrivermanger.weddrivermanger.NewTest1@693fe6c9]" started-at="2021-11-16T16:28:28 IST" name="f1" finished-at="2021-11-16T16:28:28 IST" duration-ms="1" status="PASS">
          <reporter-output>
          </reporter-output>
        </test-method> <!-- f1 -->
      </class> <!-- WebDrivermanger.weddrivermanger.NewTest1 -->
    </test> <!-- Default test -->
  </suite> <!-- Default suite -->
</testng-results>
